# JRE version: Java(TM) SE Runtime Environment (8.0_201-b09) (build 1.8.0_201-b09)
# Java VM: Java HotSpot(TM) 64-Bit Server VM (25.201-b09 mixed mode windows-amd64 compressed oops)
Heap:
 PSYoungGen      total 32768K, used 21626K [0x00000000f6100000, 0x00000000f8e00000, 0x0000000100000000)
  eden space 24576K, 54% used [0x00000000f6100000,0x00000000f6e25800,0x00000000f7900000)
  from space 8192K, 99% used [0x00000000f7e00000,0x00000000f85f9240,0x00000000f8600000)
  to   space 6656K, 0% used [0x00000000f8780000,0x00000000f8780000,0x00000000f8e00000)
 ParOldGen       total 38912K, used 16688K [0x00000000e2200000, 0x00000000e4800000, 0x00000000f6100000)
  object space 38912K, 42% used [0x00000000e2200000,0x00000000e324c300,0x00000000e4800000)
 Metaspace       used 7709K, capacity 7814K, committed 7936K, reserved 1056768K
  class space    used 731K, capacity 762K, committed 768K, reserved 1048576K
GC Heap History (10 events):
Event: 9.747 GC heap before
{Heap before GC invocations=7 (full 1):
 PSYoungGen      total 17408K, used 16384K [0x00000000f6100000, 0x00000000f8e00000, 0x0000000100000000)
  eden space 16384K, 100% used [0x00000000f6100000,0x00000000f7100000,0x00000000f7100000)
  from space 1024K, 0% used [0x00000000f7100000,0x00000000f7100000,0x00000000f7200000)
  to   space 6656K, 0% used [0x00000000f8780000,0x00000000f8780000,0x00000000f8e00000)
 ParOldGen       total 31232K, used 13536K [0x00000000e2200000, 0x00000000e4080000, 0x00000000f6100000)
  object space 31232K, 43% used [0x00000000e2200000,0x00000000e2f383b8,0x00000000e4080000)
 Metaspace       used 7454K, capacity 7558K, committed 7680K, reserved 1056768K
  class space    used 730K, capacity 762K, committed 768K, reserved 1048576K
Event: 9.788 GC heap after
Heap after GC invocations=7 (full 1):
 PSYoungGen      total 31232K, used 6627K [0x00000000f6100000, 0x00000000f8e00000, 0x0000000100000000)
  eden space 24576K, 0% used [0x00000000f6100000,0x00000000f6100000,0x00000000f7900000)
  from space 6656K, 99% used [0x00000000f8780000,0x00000000f8df8da0,0x00000000f8e00000)
  to   space 8192K, 0% used [0x00000000f7e00000,0x00000000f7e00000,0x00000000f8600000)
 ParOldGen       total 31232K, used 15221K [0x00000000e2200000, 0x00000000e4080000, 0x00000000f6100000)
  object space 31232K, 48% used [0x00000000e2200000,0x00000000e30dd748,0x00000000e4080000)
 Metaspace       used 7454K, capacity 7558K, committed 7680K, reserved 1056768K
  class space    used 730K, capacity 762K, committed 768K, reserved 1048576K
}
Event: 11.714 GC heap before
{Heap before GC invocations=8 (full 1):
 PSYoungGen      total 31232K, used 31203K [0x00000000f6100000, 0x00000000f8e00000, 0x0000000100000000)
  eden space 24576K, 100% used [0x00000000f6100000,0x00000000f7900000,0x00000000f7900000)
  from space 6656K, 99% used [0x00000000f8780000,0x00000000f8df8da0,0x00000000f8e00000)
  to   space 8192K, 0% used [0x00000000f7e00000,0x00000000f7e00000,0x00000000f8600000)
 ParOldGen       total 31232K, used 15221K [0x00000000e2200000, 0x00000000e4080000, 0x00000000f6100000)
  object space 31232K, 48% used [0x00000000e2200000,0x00000000e30dd748,0x00000000e4080000)
 Metaspace       used 7576K, capacity 7686K, committed 7936K, reserved 1056768K
  class space    used 730K, capacity 762K, committed 768K, reserved 1048576K
Event: 11.760 GC heap after
Heap after GC invocations=8 (full 1):
 PSYoungGen      total 32768K, used 8165K [0x00000000f6100000, 0x00000000f8e00000, 0x0000000100000000)
  eden space 24576K, 0% used [0x00000000f6100000,0x00000000f6100000,0x00000000f7900000)
  from space 8192K, 99% used [0x00000000f7e00000,0x00000000f85f94a0,0x00000000f8600000)
  to   space 6656K, 0% used [0x00000000f8780000,0x00000000f8780000,0x00000000f8e00000)
 ParOldGen       total 31232K, used 18934K [0x00000000e2200000, 0x00000000e4080000, 0x00000000f6100000)
  object space 31232K, 60% used [0x00000000e2200000,0x00000000e347dbc8,0x00000000e4080000)
 Metaspace       used 7576K, capacity 7686K, committed 7936K, reserved 1056768K
  class space    used 730K, capacity 762K, committed 768K, reserved 1048576K
}
Event: 13.295 GC heap before
{Heap before GC invocations=9 (full 1):
 PSYoungGen      total 32768K, used 32741K [0x00000000f6100000, 0x00000000f8e00000, 0x0000000100000000)
  eden space 24576K, 100% used [0x00000000f6100000,0x00000000f7900000,0x00000000f7900000)
  from space 8192K, 99% used [0x00000000f7e00000,0x00000000f85f94a0,0x00000000f8600000)
  to   space 6656K, 0% used [0x00000000f8780000,0x00000000f8780000,0x00000000f8e00000)
 ParOldGen       total 31232K, used 18934K [0x00000000e2200000, 0x00000000e4080000, 0x00000000f6100000)
  object space 31232K, 60% used [0x00000000e2200000,0x00000000e347dbc8,0x00000000e4080000)
 Metaspace       used 7685K, capacity 7814K, committed 7936K, reserved 1056768K
  class space    used 731K, capacity 762K, committed 768K, reserved 1048576K
Event: 13.345 GC heap after
Heap after GC invocations=9 (full 1):
 PSYoungGen      total 31232K, used 6645K [0x00000000f6100000, 0x00000000f8e00000, 0x0000000100000000)
  eden space 24576K, 0% used [0x00000000f6100000,0x00000000f6100000,0x00000000f7900000)
  from space 6656K, 99% used [0x00000000f8780000,0x00000000f8dfd770,0x00000000f8e00000)
  to   space 8192K, 0% used [0x00000000f7e00000,0x00000000f7e00000,0x00000000f8600000)
 ParOldGen       total 31232K, used 25711K [0x00000000e2200000, 0x00000000e4080000, 0x00000000f6100000)
  object space 31232K, 82% used [0x00000000e2200000,0x00000000e3b1bc88,0x00000000e4080000)
 Metaspace       used 7685K, capacity 7814K, committed 7936K, reserved 1056768K
  class space    used 731K, capacity 762K, committed 768K, reserved 1048576K
}
Event: 13.345 GC heap before
{Heap before GC invocations=10 (full 2):
 PSYoungGen      total 31232K, used 6645K [0x00000000f6100000, 0x00000000f8e00000, 0x0000000100000000)
  eden space 24576K, 0% used [0x00000000f6100000,0x00000000f6100000,0x00000000f7900000)
  from space 6656K, 99% used [0x00000000f8780000,0x00000000f8dfd770,0x00000000f8e00000)
  to   space 8192K, 0% used [0x00000000f7e00000,0x00000000f7e00000,0x00000000f8600000)
 ParOldGen       total 31232K, used 25711K [0x00000000e2200000, 0x00000000e4080000, 0x00000000f6100000)
  object space 31232K, 82% used [0x00000000e2200000,0x00000000e3b1bc88,0x00000000e4080000)
 Metaspace       used 7685K, capacity 7814K, committed 7936K, reserved 1056768K
  class space    used 731K, capacity 762K, committed 768K, reserved 1048576K
Event: 13.473 GC heap after
Heap after GC invocations=10 (full 2):
 PSYoungGen      total 31232K, used 0K [0x00000000f6100000, 0x00000000f8e00000, 0x0000000100000000)
  eden space 24576K, 0% used [0x00000000f6100000,0x00000000f6100000,0x00000000f7900000)
  from space 6656K, 0% used [0x00000000f8780000,0x00000000f8780000,0x00000000f8e00000)
  to   space 8192K, 0% used [0x00000000f7e00000,0x00000000f7e00000,0x00000000f8600000)
 ParOldGen       total 38912K, used 13792K [0x00000000e2200000, 0x00000000e4800000, 0x00000000f6100000)
  object space 38912K, 35% used [0x00000000e2200000,0x00000000e2f781c0,0x00000000e4800000)
 Metaspace       used 7685K, capacity 7814K, committed 7936K, reserved 1056768K
  class space    used 731K, capacity 762K, committed 768K, reserved 1048576K
}
Event: 14.865 GC heap before
{Heap before GC invocations=11 (full 2):
 PSYoungGen      total 31232K, used 24576K [0x00000000f6100000, 0x00000000f8e00000, 0x0000000100000000)
  eden space 24576K, 100% used [0x00000000f6100000,0x00000000f7900000,0x00000000f7900000)
  from space 6656K, 0% used [0x00000000f8780000,0x00000000f8780000,0x00000000f8e00000)
  to   space 8192K, 0% used [0x00000000f7e00000,0x00000000f7e00000,0x00000000f8600000)
 ParOldGen       total 38912K, used 13792K [0x00000000e2200000, 0x00000000e4800000, 0x00000000f6100000)
  object space 38912K, 35% used [0x00000000e2200000,0x00000000e2f781c0,0x00000000e4800000)
 Metaspace       used 7705K, capacity 7814K, committed 7936K, reserved 1056768K
  class space    used 731K, capacity 762K, committed 768K, reserved 1048576K
Event: 14.900 GC heap after
Heap after GC invocations=11 (full 2):
 PSYoungGen      total 32768K, used 8164K [0x00000000f6100000, 0x00000000f8e00000, 0x0000000100000000)
  eden space 24576K, 0% used [0x00000000f6100000,0x00000000f6100000,0x00000000f7900000)
  from space 8192K, 99% used [0x00000000f7e00000,0x00000000f85f9240,0x00000000f8600000)
  to   space 6656K, 0% used [0x00000000f8780000,0x00000000f8780000,0x00000000f8e00000)
 ParOldGen       total 38912K, used 16688K [0x00000000e2200000, 0x00000000e4800000, 0x00000000f6100000)
  object space 38912K, 42% used [0x00000000e2200000,0x00000000e324c300,0x00000000e4800000)
 Metaspace       used 7705K, capacity 7814K, committed 7936K, reserved 1056768K
  class space    used 731K, capacity 762K, committed 768K, reserved 1048576K
}

