# JRE version: Java(TM) SE Runtime Environment (8.0_201-b09) (build 1.8.0_201-b09)
# Java VM: Java HotSpot(TM) 64-Bit Server VM (25.201-b09 mixed mode windows-amd64 compressed oops)
Heap:
 PSYoungGen      total 45568K, used 17240K [0x00000000f6100000, 0x00000000fb600000, 0x0000000100000000)
  eden space 34304K, 50% used [0x00000000f6100000,0x00000000f71d6240,0x00000000f8280000)
  from space 11264K, 0% used [0x00000000f9400000,0x00000000f9400000,0x00000000f9f00000)
  to   space 17920K, 0% used [0x00000000f8280000,0x00000000f8280000,0x00000000f9400000)
 ParOldGen       total 36352K, used 14295K [0x00000000e2200000, 0x00000000e4580000, 0x00000000f6100000)
  object space 36352K, 39% used [0x00000000e2200000,0x00000000e2ff5c30,0x00000000e4580000)
 Metaspace       used 7715K, capacity 7814K, committed 7936K, reserved 1056768K
  class space    used 730K, capacity 762K, committed 768K, reserved 1048576K
GC Heap History (10 events):
Event: 15.319 GC heap before
{Heap before GC invocations=8 (full 1):
 PSYoungGen      total 32256K, used 32243K [0x00000000f6100000, 0x00000000f8d00000, 0x0000000100000000)
  eden space 26112K, 100% used [0x00000000f6100000,0x00000000f7a80000,0x00000000f7a80000)
  from space 6144K, 99% used [0x00000000f8700000,0x00000000f8cfcd90,0x00000000f8d00000)
  to   space 8192K, 0% used [0x00000000f7d00000,0x00000000f7d00000,0x00000000f8500000)
 ParOldGen       total 30720K, used 15662K [0x00000000e2200000, 0x00000000e4000000, 0x00000000f6100000)
  object space 30720K, 50% used [0x00000000e2200000,0x00000000e314b8c0,0x00000000e4000000)
 Metaspace       used 7596K, capacity 7686K, committed 7936K, reserved 1056768K
  class space    used 730K, capacity 762K, committed 768K, reserved 1048576K
Event: 15.381 GC heap after
Heap after GC invocations=8 (full 1):
 PSYoungGen      total 36864K, used 8165K [0x00000000f6100000, 0x00000000f9f00000, 0x0000000100000000)
  eden space 28672K, 0% used [0x00000000f6100000,0x00000000f6100000,0x00000000f7d00000)
  from space 8192K, 99% used [0x00000000f7d00000,0x00000000f84f9560,0x00000000f8500000)
  to   space 11264K, 0% used [0x00000000f9400000,0x00000000f9400000,0x00000000f9f00000)
 ParOldGen       total 30720K, used 19588K [0x00000000e2200000, 0x00000000e4000000, 0x00000000f6100000)
  object space 30720K, 63% used [0x00000000e2200000,0x00000000e3521180,0x00000000e4000000)
 Metaspace       used 7596K, capacity 7686K, committed 7936K, reserved 1056768K
  class space    used 730K, capacity 762K, committed 768K, reserved 1048576K
}
Event: 19.207 GC heap before
{Heap before GC invocations=9 (full 1):
 PSYoungGen      total 36864K, used 36837K [0x00000000f6100000, 0x00000000f9f00000, 0x0000000100000000)
  eden space 28672K, 100% used [0x00000000f6100000,0x00000000f7d00000,0x00000000f7d00000)
  from space 8192K, 99% used [0x00000000f7d00000,0x00000000f84f9560,0x00000000f8500000)
  to   space 11264K, 0% used [0x00000000f9400000,0x00000000f9400000,0x00000000f9f00000)
 ParOldGen       total 30720K, used 19588K [0x00000000e2200000, 0x00000000e4000000, 0x00000000f6100000)
  object space 30720K, 63% used [0x00000000e2200000,0x00000000e3521180,0x00000000e4000000)
 Metaspace       used 7686K, capacity 7814K, committed 7936K, reserved 1056768K
  class space    used 730K, capacity 762K, committed 768K, reserved 1048576K
Event: 19.300 GC heap after
Heap after GC invocations=9 (full 1):
 PSYoungGen      total 49664K, used 11238K [0x00000000f6100000, 0x00000000fa880000, 0x0000000100000000)
  eden space 38400K, 0% used [0x00000000f6100000,0x00000000f6100000,0x00000000f8680000)
  from space 11264K, 99% used [0x00000000f9400000,0x00000000f9ef9b40,0x00000000f9f00000)
  to   space 13824K, 0% used [0x00000000f8680000,0x00000000f8680000,0x00000000f9400000)
 ParOldGen       total 30720K, used 22112K [0x00000000e2200000, 0x00000000e4000000, 0x00000000f6100000)
  object space 30720K, 71% used [0x00000000e2200000,0x00000000e3798270,0x00000000e4000000)
 Metaspace       used 7686K, capacity 7814K, committed 7936K, reserved 1056768K
  class space    used 730K, capacity 762K, committed 768K, reserved 1048576K
}
Event: 22.044 GC heap before
{Heap before GC invocations=10 (full 1):
 PSYoungGen      total 49664K, used 49638K [0x00000000f6100000, 0x00000000fa880000, 0x0000000100000000)
  eden space 38400K, 100% used [0x00000000f6100000,0x00000000f8680000,0x00000000f8680000)
  from space 11264K, 99% used [0x00000000f9400000,0x00000000f9ef9b40,0x00000000f9f00000)
  to   space 13824K, 0% used [0x00000000f8680000,0x00000000f8680000,0x00000000f9400000)
 ParOldGen       total 30720K, used 22112K [0x00000000e2200000, 0x00000000e4000000, 0x00000000f6100000)
  object space 30720K, 71% used [0x00000000e2200000,0x00000000e3798270,0x00000000e4000000)
 Metaspace       used 7690K, capacity 7814K, committed 7936K, reserved 1056768K
  class space    used 730K, capacity 762K, committed 768K, reserved 1048576K
Event: 22.105 GC heap after
Heap after GC invocations=10 (full 1):
 PSYoungGen      total 52224K, used 13814K [0x00000000f6100000, 0x00000000fa880000, 0x0000000100000000)
  eden space 38400K, 0% used [0x00000000f6100000,0x00000000f6100000,0x00000000f8680000)
  from space 13824K, 99% used [0x00000000f8680000,0x00000000f93fdbd0,0x00000000f9400000)
  to   space 11264K, 0% used [0x00000000f9400000,0x00000000f9400000,0x00000000f9f00000)
 ParOldGen       total 30720K, used 23268K [0x00000000e2200000, 0x00000000e4000000, 0x00000000f6100000)
  object space 30720K, 75% used [0x00000000e2200000,0x00000000e38b9180,0x00000000e4000000)
 Metaspace       used 7690K, capacity 7814K, committed 7936K, reserved 1056768K
  class space    used 730K, capacity 762K, committed 768K, reserved 1048576K
}
Event: 29.178 GC heap before
{Heap before GC invocations=11 (full 1):
 PSYoungGen      total 52224K, used 52214K [0x00000000f6100000, 0x00000000fa880000, 0x0000000100000000)
  eden space 38400K, 100% used [0x00000000f6100000,0x00000000f8680000,0x00000000f8680000)
  from space 13824K, 99% used [0x00000000f8680000,0x00000000f93fdbd0,0x00000000f9400000)
  to   space 11264K, 0% used [0x00000000f9400000,0x00000000f9400000,0x00000000f9f00000)
 ParOldGen       total 30720K, used 23268K [0x00000000e2200000, 0x00000000e4000000, 0x00000000f6100000)
  object space 30720K, 75% used [0x00000000e2200000,0x00000000e38b9180,0x00000000e4000000)
 Metaspace       used 7715K, capacity 7814K, committed 7936K, reserved 1056768K
  class space    used 730K, capacity 762K, committed 768K, reserved 1048576K
Event: 29.249 GC heap after
Heap after GC invocations=11 (full 1):
 PSYoungGen      total 45568K, used 11252K [0x00000000f6100000, 0x00000000fb600000, 0x0000000100000000)
  eden space 34304K, 0% used [0x00000000f6100000,0x00000000f6100000,0x00000000f8280000)
  from space 11264K, 99% used [0x00000000f9400000,0x00000000f9efd290,0x00000000f9f00000)
  to   space 17920K, 0% used [0x00000000f8280000,0x00000000f8280000,0x00000000f9400000)
 ParOldGen       total 30720K, used 26195K [0x00000000e2200000, 0x00000000e4000000, 0x00000000f6100000)
  object space 30720K, 85% used [0x00000000e2200000,0x00000000e3b94e90,0x00000000e4000000)
 Metaspace       used 7715K, capacity 7814K, committed 7936K, reserved 1056768K
  class space    used 730K, capacity 762K, committed 768K, reserved 1048576K
}
Event: 29.249 GC heap before
{Heap before GC invocations=12 (full 2):
 PSYoungGen      total 45568K, used 11252K [0x00000000f6100000, 0x00000000fb600000, 0x0000000100000000)
  eden space 34304K, 0% used [0x00000000f6100000,0x00000000f6100000,0x00000000f8280000)
  from space 11264K, 99% used [0x00000000f9400000,0x00000000f9efd290,0x00000000f9f00000)
  to   space 17920K, 0% used [0x00000000f8280000,0x00000000f8280000,0x00000000f9400000)
 ParOldGen       total 30720K, used 26195K [0x00000000e2200000, 0x00000000e4000000, 0x00000000f6100000)
  object space 30720K, 85% used [0x00000000e2200000,0x00000000e3b94e90,0x00000000e4000000)
 Metaspace       used 7715K, capacity 7814K, committed 7936K, reserved 1056768K
  class space    used 730K, capacity 762K, committed 768K, reserved 1048576K
Event: 29.433 GC heap after
Heap after GC invocations=12 (full 2):
 PSYoungGen      total 45568K, used 0K [0x00000000f6100000, 0x00000000fb600000, 0x0000000100000000)
  eden space 34304K, 0% used [0x00000000f6100000,0x00000000f6100000,0x00000000f8280000)
  from space 11264K, 0% used [0x00000000f9400000,0x00000000f9400000,0x00000000f9f00000)
  to   space 17920K, 0% used [0x00000000f8280000,0x00000000f8280000,0x00000000f9400000)
 ParOldGen       total 36352K, used 14295K [0x00000000e2200000, 0x00000000e4580000, 0x00000000f6100000)
  object space 36352K, 39% used [0x00000000e2200000,0x00000000e2ff5c30,0x00000000e4580000)
 Metaspace       used 7715K, capacity 7814K, committed 7936K, reserved 1056768K
  class space    used 730K, capacity 762K, committed 768K, reserved 1048576K
}

